1704 2021-01-30 15:52:16,753 [main] INFO  com.example.demo.SareetaApplication - Starting SareetaApplication on DESKTOP-97H5U4B with PID 1120 (C:\Users\mylar\Desktop\Security-and-DevOps\starter_code\target\classes started by mylar in C:\Users\mylar\Desktop\Security-and-DevOps)
1713 2021-01-30 15:52:16,762 [main] INFO  com.example.demo.SareetaApplication - No active profile set, falling back to default profiles: default
2550 2021-01-30 15:52:17,599 [main] INFO  org.springframework.data.repository.config.RepositoryConfigurationDelegate - Bootstrapping Spring Data repositories in DEFAULT mode.
2625 2021-01-30 15:52:17,674 [main] INFO  org.springframework.data.repository.config.RepositoryConfigurationDelegate - Finished Spring Data repository scanning in 63ms. Found 4 repository interfaces.
3200 2021-01-30 15:52:18,249 [main] INFO  org.springframework.context.support.PostProcessorRegistrationDelegate$BeanPostProcessorChecker - Bean 'org.springframework.transaction.annotation.ProxyTransactionManagementConfiguration' of type [org.springframework.transaction.annotation.ProxyTransactionManagementConfiguration$$EnhancerBySpringCGLIB$$94417c4f] is not eligible for getting processed by all BeanPostProcessors (for example: not eligible for auto-proxying)
3480 2021-01-30 15:52:18,529 [main] INFO  org.springframework.boot.web.embedded.tomcat.TomcatWebServer - Tomcat initialized with port(s): 8080 (http)
3497 2021-01-30 15:52:18,546 [main] INFO  org.apache.coyote.http11.Http11NioProtocol - Initializing ProtocolHandler ["http-nio-8080"]
3509 2021-01-30 15:52:18,558 [main] INFO  org.apache.catalina.core.StandardService - Starting service [Tomcat]
3510 2021-01-30 15:52:18,559 [main] INFO  org.apache.catalina.core.StandardEngine - Starting Servlet engine: [Apache Tomcat/9.0.19]
3661 2021-01-30 15:52:18,710 [main] INFO  org.apache.catalina.core.ContainerBase.[Tomcat].[localhost].[/] - Initializing Spring embedded WebApplicationContext
3661 2021-01-30 15:52:18,710 [main] INFO  org.springframework.web.context.ContextLoader - Root WebApplicationContext: initialization completed in 1881 ms
3806 2021-01-30 15:52:18,855 [main] INFO  com.zaxxer.hikari.HikariDataSource - HikariPool-1 - Starting...
3919 2021-01-30 15:52:18,968 [main] INFO  com.zaxxer.hikari.HikariDataSource - HikariPool-1 - Start completed.
3984 2021-01-30 15:52:19,033 [main] INFO  org.hibernate.jpa.internal.util.LogHelper - HHH000204: Processing PersistenceUnitInfo [
	name: default
	...]
4070 2021-01-30 15:52:19,119 [main] INFO  org.hibernate.Version - HHH000412: Hibernate Core {5.3.10.Final}
4072 2021-01-30 15:52:19,121 [main] INFO  org.hibernate.cfg.Environment - HHH000206: hibernate.properties not found
4222 2021-01-30 15:52:19,271 [main] INFO  org.hibernate.annotations.common.Version - HCANN000001: Hibernate Commons Annotations {5.0.4.Final}
4359 2021-01-30 15:52:19,408 [main] INFO  org.hibernate.dialect.Dialect - HHH000400: Using dialect: org.hibernate.dialect.H2Dialect
5151 2021-01-30 15:52:20,200 [main] INFO  org.springframework.orm.jpa.LocalContainerEntityManagerFactoryBean - Initialized JPA EntityManagerFactory for persistence unit 'default'
5956 2021-01-30 15:52:21,005 [main] INFO  org.springframework.security.web.DefaultSecurityFilterChain - Creating filter chain: any request, [org.springframework.security.web.context.request.async.WebAsyncManagerIntegrationFilter@3c6fc4cd, org.springframework.security.web.context.SecurityContextPersistenceFilter@24668b5b, org.springframework.security.web.header.HeaderWriterFilter@7bc8da3f, org.springframework.web.filter.CorsFilter@b2e1df3, org.springframework.security.web.authentication.logout.LogoutFilter@301e5d23, com.example.demo.security.JWTAuthenticationProvider@56193e3a, com.example.demo.security.JWTAuthenticationVerificationProvider@6cf3b3d7, org.springframework.security.web.savedrequest.RequestCacheAwareFilter@2e7e84f8, org.springframework.security.web.servletapi.SecurityContextHolderAwareRequestFilter@67689c81, org.springframework.security.web.authentication.AnonymousAuthenticationFilter@2e785b28, org.springframework.security.web.session.SessionManagementFilter@52bc6fcf, org.springframework.security.web.access.ExceptionTranslationFilter@5dfec221, org.springframework.security.web.access.intercept.FilterSecurityInterceptor@443ac5b8]
6163 2021-01-30 15:52:21,212 [main] INFO  org.springframework.scheduling.concurrent.ThreadPoolTaskExecutor - Initializing ExecutorService 'applicationTaskExecutor'
6199 2021-01-30 15:52:21,248 [main] WARN  org.springframework.boot.autoconfigure.orm.jpa.JpaBaseConfiguration$JpaWebConfiguration$JpaWebMvcConfiguration - spring.jpa.open-in-view is enabled by default. Therefore, database queries may be performed during view rendering. Explicitly configure spring.jpa.open-in-view to disable this warning
6395 2021-01-30 15:52:21,444 [main] INFO  org.apache.coyote.http11.Http11NioProtocol - Starting ProtocolHandler ["http-nio-8080"]
6427 2021-01-30 15:52:21,476 [main] INFO  org.springframework.boot.web.embedded.tomcat.TomcatWebServer - Tomcat started on port(s): 8080 (http) with context path ''
6429 2021-01-30 15:52:21,478 [main] INFO  com.example.demo.SareetaApplication - Started SareetaApplication in 5.225 seconds (JVM running for 6.481)
27140 2021-01-30 15:52:42,189 [http-nio-8080-exec-2] INFO  org.apache.catalina.core.ContainerBase.[Tomcat].[localhost].[/] - Initializing Spring DispatcherServlet 'dispatcherServlet'
27140 2021-01-30 15:52:42,189 [http-nio-8080-exec-2] INFO  org.springframework.web.servlet.DispatcherServlet - Initializing Servlet 'dispatcherServlet'
27150 2021-01-30 15:52:42,199 [http-nio-8080-exec-2] INFO  org.springframework.web.servlet.DispatcherServlet - Completed initialization in 10 ms
27399 2021-01-30 15:52:42,448 [http-nio-8080-exec-2] INFO  com.example.demo.controllers.UserController - New user test created
